Сборка начата 02.04.2023 21:05:04.
Уровень детализации журнала: Normal.     1>Проект "D:\Учёба\2сем\КПО\Лабораторные\SE_Lab06S\SE_Lab06\SE_Lab06.vcxproj" в узле 2 (целевые объекты Build).
     1>InitializeBuildStatus:
         Обращение к "Debug\SE_Lab06.tlog\unsuccessfulbuild".
       ClCompile:
         Для всех выходных данных обновления не требуется.
       Link:
         C:\Program Files\Microsoft Visual Studio\2022\Community\VC\Tools\MSVC\14.34.31933\bin\HostX86\x86\link.exe /ERRORREPORT:PROMPT /OUT:"D:\Учёба\2сем\КПО\Лабораторные\SE_Lab06S\Debug\SE_Lab06.exe" /INCREMENTAL /ILK:"Debug\SE_Lab06.ilk" /NOLOGO kernel32.lib user32.lib gdi32.lib winspool.lib comdlg32.lib advapi32.lib shell32.lib ole32.lib oleaut32.lib uuid.lib odbc32.lib odbccp32.lib /MANIFEST /MANIFESTUAC:"level='asInvoker' uiAccess='false'" /manifest:embed /DEBUG /PDB:"D:\Учёба\2сем\КПО\Лабораторные\SE_Lab06S\Debug\SE_Lab06.pdb" /SUBSYSTEM:WINDOWS /TLBID:1 /DYNAMICBASE /NXCOMPAT /IMPLIB:"D:\Учёба\2сем\КПО\Лабораторные\SE_Lab06S\Debug\SE_Lab06.lib" /MACHINE:X86 D:\Учёба\2сем\КПО\Лабораторные\SE_Lab06S\Debug\SE_Lab06L.lib Debug\Source.obj
         "D:\Учёба\2сем\КПО\Лабораторные\SE_Lab06S\Debug\SE_Lab06L.lib"
     1>MSVCRTD.lib(exe_winmain.obj) : error LNK2019: ссылка на неразрешенный внешний символ _WinMain@16 в функции "int __cdecl invoke_main(void)" (?invoke_main@@YAHXZ).
     1>D:\Учёба\2сем\КПО\Лабораторные\SE_Lab06S\Debug\SE_Lab06.exe : fatal error LNK1120: неразрешенных внешних элементов: 1
     1>Сборка проекта "D:\Учёба\2сем\КПО\Лабораторные\SE_Lab06S\SE_Lab06\SE_Lab06.vcxproj" завершена (целевые объекты Build) с ошибкой.

Ошибка сборки.

       "D:\Учёба\2сем\КПО\Лабораторные\SE_Lab06S\SE_Lab06\SE_Lab06.vcxproj" (целевой объект Build ) (1) ->
       (Целевой объект Link) -> 
         MSVCRTD.lib(exe_winmain.obj) : error LNK2019: ссылка на неразрешенный внешний символ _WinMain@16 в функции "int __cdecl invoke_main(void)" (?invoke_main@@YAHXZ).
         D:\Учёба\2сем\КПО\Лабораторные\SE_Lab06S\Debug\SE_Lab06.exe : fatal error LNK1120: неразрешенных внешних элементов: 1

    Предупреждений: 0
    Ошибок: 2

Прошло времени 00:00:00.25
